Using pre-set license
Built from '2021.3/staging' branch; Version is '2021.3.9f1 (ad3870b89536) revision 11352176'; Using compiler version '192829333'; Build Type 'Release'
OS: 'Windows 10  (10.0.19044) 64bit Core' Language: 'en' Physical Memory: 16315 MB
BatchMode: 1, IsHumanControllingUs: 0, StartBugReporterOnCrash: 0, Is64bit: 1, IsPro: 1

COMMAND LINE ARGUMENTS:
C:\Program Files\Unity 2021.3.9f1\Editor\Unity.exe
-adb2
-batchMode
-noUpm
-name
AssetImportWorker0
-projectPath
E:/ClasesDesarrolloVideojuegos/Proyecto/Proyecto_GrupoA
-logFile
Logs/AssetImportWorker0.log
-srvPort
51265
Successfully changed project path to: E:/ClasesDesarrolloVideojuegos/Proyecto/Proyecto_GrupoA
E:/ClasesDesarrolloVideojuegos/Proyecto/Proyecto_GrupoA
[UnityMemory] Configuration Parameters - Can be set up in boot.config
    "memorysetup-bucket-allocator-granularity=16"
    "memorysetup-bucket-allocator-bucket-count=8"
    "memorysetup-bucket-allocator-block-size=33554432"
    "memorysetup-bucket-allocator-block-count=8"
    "memorysetup-main-allocator-block-size=16777216"
    "memorysetup-thread-allocator-block-size=16777216"
    "memorysetup-gfx-main-allocator-block-size=16777216"
    "memorysetup-gfx-thread-allocator-block-size=16777216"
    "memorysetup-cache-allocator-block-size=4194304"
    "memorysetup-typetree-allocator-block-size=2097152"
    "memorysetup-profiler-bucket-allocator-granularity=16"
    "memorysetup-profiler-bucket-allocator-bucket-count=8"
    "memorysetup-profiler-bucket-allocator-block-size=33554432"
    "memorysetup-profiler-bucket-allocator-block-count=8"
    "memorysetup-profiler-allocator-block-size=16777216"
    "memorysetup-profiler-editor-allocator-block-size=1048576"
    "memorysetup-temp-allocator-size-main=16777216"
    "memorysetup-job-temp-allocator-block-size=2097152"
    "memorysetup-job-temp-allocator-block-size-background=1048576"
    "memorysetup-job-temp-allocator-reduction-small-platforms=262144"
    "memorysetup-temp-allocator-size-background-worker=32768"
    "memorysetup-temp-allocator-size-job-worker=262144"
    "memorysetup-temp-allocator-size-preload-manager=33554432"
    "memorysetup-temp-allocator-size-nav-mesh-worker=65536"
    "memorysetup-temp-allocator-size-audio-worker=65536"
    "memorysetup-temp-allocator-size-cloud-worker=32768"
    "memorysetup-temp-allocator-size-gi-baking-worker=262144"
    "memorysetup-temp-allocator-size-gfx=262144"
Refreshing native plugins compatible for Editor in 79.48 ms, found 3 plugins.
Preloading 0 native plugins for Editor in 0.00 ms.
Initialize engine version: 2021.3.9f1 (ad3870b89536)
[Subsystems] Discovering subsystems at path C:/Program Files/Unity 2021.3.9f1/Editor/Data/Resources/UnitySubsystems
[Subsystems] Discovering subsystems at path E:/ClasesDesarrolloVideojuegos/Proyecto/Proyecto_GrupoA/Assets
GfxDevice: creating device client; threaded=0; jobified=0
Direct3D:
    Version:  Direct3D 11.0 [level 11.1]
    Renderer: Radeon RX 570 Series (ID=0x67df)
    Vendor:   ATI
    VRAM:     8170 MB
    Driver:   31.0.12027.7000
Initialize mono
Mono path[0] = 'C:/Program Files/Unity 2021.3.9f1/Editor/Data/Managed'
Mono path[1] = 'C:/Program Files/Unity 2021.3.9f1/Editor/Data/MonoBleedingEdge/lib/mono/unityjit-win32'
Mono config path = 'C:/Program Files/Unity 2021.3.9f1/Editor/Data/MonoBleedingEdge/etc'
Using monoOptions --debugger-agent=transport=dt_socket,embedding=1,server=y,suspend=n,address=127.0.0.1:56844
Begin MonoManager ReloadAssembly
Registering precompiled unity dll's ...
Register platform support module: C:/Program Files/Unity 2021.3.9f1/Editor/Data/PlaybackEngines/WindowsStandaloneSupport/UnityEditor.WindowsStandalone.Extensions.dll
Registered in 0.004299 seconds.
Native extension for WindowsStandalone target not found
Refreshing native plugins compatible for Editor in 80.27 ms, found 3 plugins.
Preloading 0 native plugins for Editor in 0.00 ms.
Mono: successfully reloaded assembly
- Completed reload, in  0.558 seconds
Domain Reload Profiling:
	ReloadAssembly (559ms)
		BeginReloadAssembly (67ms)
			ExecutionOrderSort (0ms)
			DisableScriptedObjects (0ms)
			BackupInstance (0ms)
			ReleaseScriptingObjects (0ms)
			CreateAndSetChildDomain (1ms)
		EndReloadAssembly (397ms)
			LoadAssemblies (65ms)
			RebuildTransferFunctionScriptingTraits (0ms)
			SetupTypeCache (88ms)
			ReleaseScriptCaches (0ms)
			RebuildScriptCaches (26ms)
			SetupLoadedEditorAssemblies (236ms)
				LogAssemblyErrors (0ms)
				InitializePlatformSupportModulesInManaged (7ms)
				SetLoadedEditorAssemblies (0ms)
				RefreshPlugins (80ms)
				BeforeProcessingInitializeOnLoad (1ms)
				ProcessInitializeOnLoadAttributes (108ms)
				ProcessInitializeOnLoadMethodAttributes (39ms)
				AfterProcessingInitializeOnLoad (0ms)
				EditorAssembliesLoaded (0ms)
			ExecutionOrderSort2 (0ms)
			AwakeInstancesAfterBackupRestoration (0ms)
Platform modules already initialized, skipping
Registering precompiled user dll's ...
Registered in 0.008335 seconds.
Begin MonoManager ReloadAssembly
Symbol file LoadedFromMemory doesn't match image E:\ClasesDesarrolloVideojuegos\Proyecto\Proyecto_GrupoA\Library\PackageCache\com.unity.visualscripting@1.7.8\Editor\VisualScripting.Core\Dependencies\YamlDotNet\Unity.VisualScripting.YamlDotNet.dll
Symbol file LoadedFromMemory doesn't match image E:\ClasesDesarrolloVideojuegos\Proyecto\Proyecto_GrupoA\Library\PackageCache\com.unity.visualscripting@1.7.8\Editor\VisualScripting.Core\Dependencies\DotNetZip\Unity.VisualScripting.IonicZip.dll
Native extension for WindowsStandalone target not found
Refreshing native plugins compatible for Editor in 0.62 ms, found 3 plugins.
Preloading 0 native plugins for Editor in 0.00 ms.
Mono: successfully reloaded assembly
- Completed reload, in  0.982 seconds
Domain Reload Profiling:
	ReloadAssembly (983ms)
		BeginReloadAssembly (108ms)
			ExecutionOrderSort (0ms)
			DisableScriptedObjects (8ms)
			BackupInstance (0ms)
			ReleaseScriptingObjects (0ms)
			CreateAndSetChildDomain (18ms)
		EndReloadAssembly (766ms)
			LoadAssemblies (88ms)
			RebuildTransferFunctionScriptingTraits (0ms)
			SetupTypeCache (234ms)
			ReleaseScriptCaches (1ms)
			RebuildScriptCaches (51ms)
			SetupLoadedEditorAssemblies (357ms)
				LogAssemblyErrors (0ms)
				InitializePlatformSupportModulesInManaged (5ms)
				SetLoadedEditorAssemblies (0ms)
				RefreshPlugins (1ms)
				BeforeProcessingInitializeOnLoad (101ms)
				ProcessInitializeOnLoadAttributes (218ms)
				ProcessInitializeOnLoadMethodAttributes (25ms)
				AfterProcessingInitializeOnLoad (7ms)
				EditorAssembliesLoaded (0ms)
			ExecutionOrderSort2 (0ms)
			AwakeInstancesAfterBackupRestoration (5ms)
Platform modules already initialized, skipping
========================================================================
Worker process is ready to serve import requests
Launched and connected shader compiler UnityShaderCompiler.exe after 0.05 seconds
Refreshing native plugins compatible for Editor in 0.69 ms, found 3 plugins.
Preloading 0 native plugins for Editor in 0.00 ms.
Unloading 3401 Unused Serialized files (Serialized files now loaded: 0)
Unloading 27 unused Assets / (111.4 KB). Loaded Objects now: 3877.
Memory consumption went from 135.0 MB to 134.9 MB.
Total: 2.885400 ms (FindLiveObjects: 0.301900 ms CreateObjectMapping: 0.080500 ms MarkObjects: 2.370300 ms  DeleteObjects: 0.131700 ms)

AssetImportParameters requested are different than current active one (requested -> active):
  custom:video-decoder-ogg-theora: a1e56fd34408186e4bbccfd4996cb3dc -> 
  custom:container-muxer-webm: aa71ff27fc2769a1b78a27578f13a17b -> 
  custom:container-demuxer-webm: 4f35f7cbe854078d1ac9338744f61a02 -> 
  custom:video-encoder-webm-vp8: eb34c28f22e8b96e1ab97ce403110664 -> 
  custom:audio-encoder-webm-vorbis: bf7c407c2cedff20999df2af8eb42d56 -> 
  custom:framework-win-MediaFoundation: 216162199b28c13a410421893ffa2e32 -> 
  custom:container-demuxer-ogg: 62fdf1f143b41e24485cea50d1cbac27 -> 
  custom:video-decoder-webm-vp8: 9c59270c3fd7afecdb556c50c9e8de78 -> 
  custom:audio-decoder-ogg-vorbis: bf7c407c2cedff20999df2af8eb42d56 -> 
========================================================================
Received Import Request.
  Time since last request: 31048.297548 seconds.
  path: Assets/Sprites/FreeButtonSet/Textures/controls/cross.png
  artifactKey: Guid(23ada367fb6f84049a2caff0e27e729d) Importer(815301076,1909f56bfc062723c751e8b465ee728b)
Start importing Assets/Sprites/FreeButtonSet/Textures/controls/cross.png using Guid(23ada367fb6f84049a2caff0e27e729d) Importer(815301076,1909f56bfc062723c751e8b465ee728b)  -> (artifact id: 'e61039951cc91cf60338fcf3fd0b8862') in 0.123386 seconds 
========================================================================
Received Import Request.
  Time since last request: 19.387686 seconds.
  path: Assets/Sprites/FreeButtonSet/Textures/icons/256x256
  artifactKey: Guid(13f9659e51a2cf649968c96c521afd3f) Importer(815301076,1909f56bfc062723c751e8b465ee728b)
Start importing Assets/Sprites/FreeButtonSet/Textures/icons/256x256 using Guid(13f9659e51a2cf649968c96c521afd3f) Importer(815301076,1909f56bfc062723c751e8b465ee728b)  -> (artifact id: '1d53f1ebac79c7c156d40101c394c06a') in 0.005889 seconds 
========================================================================
Received Import Request.
  Time since last request: 0.383211 seconds.
  path: Assets/Sprites/FreeButtonSet/Textures/icons/128x128
  artifactKey: Guid(210d51586277b6e4c879d1e8d43cfa53) Importer(815301076,1909f56bfc062723c751e8b465ee728b)
Start importing Assets/Sprites/FreeButtonSet/Textures/icons/128x128 using Guid(210d51586277b6e4c879d1e8d43cfa53) Importer(815301076,1909f56bfc062723c751e8b465ee728b)  -> (artifact id: 'c6f52f3e0dedaf7b9b773e8fc7feca8e') in 0.005609 seconds 
========================================================================
Received Import Request.
  Time since last request: 13.578783 seconds.
  path: Assets/Sprites/FreeButtonSet/Textures/icons/64x64/arrow_down.png
  artifactKey: Guid(9c3d15adfbc21d64683a6553e1330d99) Importer(815301076,1909f56bfc062723c751e8b465ee728b)
Start importing Assets/Sprites/FreeButtonSet/Textures/icons/64x64/arrow_down.png using Guid(9c3d15adfbc21d64683a6553e1330d99) Importer(815301076,1909f56bfc062723c751e8b465ee728b)  -> (artifact id: '066380a9eda304d4f74dd40cc5f07e24') in 0.013141 seconds 
========================================================================
Received Import Request.
  Time since last request: 3.504985 seconds.
  path: Assets/Sprites/FreeButtonSet/Textures/icons/64x64/play.png
  artifactKey: Guid(a2f31c578b2fbc1469b71626553cc735) Importer(815301076,1909f56bfc062723c751e8b465ee728b)
Start importing Assets/Sprites/FreeButtonSet/Textures/icons/64x64/play.png using Guid(a2f31c578b2fbc1469b71626553cc735) Importer(815301076,1909f56bfc062723c751e8b465ee728b)  -> (artifact id: '2456ba929a9b7fa625104dc13428cdb4') in 0.012053 seconds 
========================================================================
Received Import Request.
  Time since last request: 81.337150 seconds.
  path: Assets/Sprites/SimpleCollectiblesPack/Models/CollectiblesSet2.fbx
  artifactKey: Guid(2fa528ee8e91e55468e2fa9820a7064e) Importer(815301076,1909f56bfc062723c751e8b465ee728b)
Start importing Assets/Sprites/SimpleCollectiblesPack/Models/CollectiblesSet2.fbx using Guid(2fa528ee8e91e55468e2fa9820a7064e) Importer(815301076,1909f56bfc062723c751e8b465ee728b)  -> (artifact id: 'ef57958c6804728a6ef1282a8eae20b1') in 0.120716 seconds 
========================================================================
Received Import Request.
  Time since last request: 4.709282 seconds.
  path: Assets/Sprites/SimpleCollectiblesPack/Prefabs/Bullet.prefab
  artifactKey: Guid(9568f15e6607c70469b5b2657c7cd0b3) Importer(815301076,1909f56bfc062723c751e8b465ee728b)
Start importing Assets/Sprites/SimpleCollectiblesPack/Prefabs/Bullet.prefab using Guid(9568f15e6607c70469b5b2657c7cd0b3) Importer(815301076,1909f56bfc062723c751e8b465ee728b)  -> (artifact id: '75ec87a45beeb45cfcf06b961614ff9f') in 0.028199 seconds 
========================================================================
Received Import Request.
  Time since last request: 0.325187 seconds.
  path: Assets/Sprites/SimpleCollectiblesPack/Prefabs/BarsOfGold.prefab
  artifactKey: Guid(aa0b611ccd277dd4f9e8ea7b8240c179) Importer(815301076,1909f56bfc062723c751e8b465ee728b)
Start importing Assets/Sprites/SimpleCollectiblesPack/Prefabs/BarsOfGold.prefab using Guid(aa0b611ccd277dd4f9e8ea7b8240c179) Importer(815301076,1909f56bfc062723c751e8b465ee728b)  -> (artifact id: 'cfd1134a78e0817ca3b78c1ea6384a43') in 0.013578 seconds 
========================================================================
Received Import Request.
  Time since last request: 1.759146 seconds.
  path: Assets/Sprites/SimpleCollectiblesPack/Prefabs/CoinSilver.prefab
  artifactKey: Guid(4565e6ec6e5edae4b9181a1591dd7ccf) Importer(815301076,1909f56bfc062723c751e8b465ee728b)
Start importing Assets/Sprites/SimpleCollectiblesPack/Prefabs/CoinSilver.prefab using Guid(4565e6ec6e5edae4b9181a1591dd7ccf) Importer(815301076,1909f56bfc062723c751e8b465ee728b)  -> (artifact id: '5a88bd094eafcc6cdd0197eead2d6ae7') in 0.013175 seconds 
========================================================================
Received Import Request.
  Time since last request: 1.370539 seconds.
  path: Assets/Sprites/SimpleCollectiblesPack/Prefabs/CollectEffectSample.prefab
  artifactKey: Guid(a45c51da10cf1a84abc6a99c06951e3f) Importer(815301076,1909f56bfc062723c751e8b465ee728b)
Start importing Assets/Sprites/SimpleCollectiblesPack/Prefabs/CollectEffectSample.prefab using Guid(a45c51da10cf1a84abc6a99c06951e3f) Importer(815301076,1909f56bfc062723c751e8b465ee728b)  -> (artifact id: 'fe2f1222f07d454b350b3c7cb8b4d2b5') in 0.010918 seconds 
========================================================================
Received Import Request.
  Time since last request: 3.700368 seconds.
  path: Assets/Sprites/SimpleCollectiblesPack/SimpleCollectibleScript.cs
  artifactKey: Guid(1315172d7ad53634e952f7d8f3c02048) Importer(815301076,1909f56bfc062723c751e8b465ee728b)
Start importing Assets/Sprites/SimpleCollectiblesPack/SimpleCollectibleScript.cs using Guid(1315172d7ad53634e952f7d8f3c02048) Importer(815301076,1909f56bfc062723c751e8b465ee728b)  -> (artifact id: '622685efaeec11f3fe002bb2484219e6') in 0.007870 seconds 
========================================================================
Received Import Request.
  Time since last request: 4.590714 seconds.
  path: Assets/Audio/Music Tracks/Chunky_Monkey.wav
  artifactKey: Guid(956ad2f73332544fd87365087825cc4f) Importer(815301076,1909f56bfc062723c751e8b465ee728b)
Start importing Assets/Audio/Music Tracks/Chunky_Monkey.wav using Guid(956ad2f73332544fd87365087825cc4f) Importer(815301076,1909f56bfc062723c751e8b465ee728b)  -> (artifact id: 'e263c65090d60ec98d4d8eee2c3b892d') in 0.033136 seconds 
